app/build/intermediates/manifest_merge_blame_file/debug/processDebugMainManifest/manifest-merger-blame-debug-report.txt
1<?xml version="1.0" encoding="utf-8"?>
2<manifest xmlns:android="http://schemas.android.com/apk/res/android"
3    package="com.example.taller_1"
4    android:versionCode="1"
5    android:versionName="1.0" >
6
7    <uses-sdk
8        android:minSdkVersion="24"
9        android:targetSdkVersion="34" />
10
11    <uses-permission android:name="android.permission.REORDER_TASKS" />
11-->[androidx.test:core:1.6.1] AndroidManifest.xml:24:5-72
11-->[androidx.test:core:1.6.1] AndroidManifest.xml:24:22-69
12
13    <permission
13-->[androidx.core:core:1.13.1] AndroidManifest.xml:22:5-24:47
14        android:name="com.example.taller_1.DYNAMIC_RECEIVER_NOT_EXPORTED_PERMISSION"
14-->[androidx.core:core:1.13.1] AndroidManifest.xml:23:9-81
15        android:protectionLevel="signature" />
15-->[androidx.core:core:1.13.1] AndroidManifest.xml:24:9-44
16
17    <uses-permission android:name="com.example.taller_1.DYNAMIC_RECEIVER_NOT_EXPORTED_PERMISSION" />
17-->[androidx.core:core:1.13.1] AndroidManifest.xml:26:5-97
17-->[androidx.core:core:1.13.1] AndroidManifest.xml:26:22-94
18
19    <queries>
19-->[androidx.test:runner:1.6.1] AndroidManifest.xml:24:5-28:15
20        <package android:name="androidx.test.orchestrator" />
20-->[androidx.test:runner:1.6.1] AndroidManifest.xml:25:9-62
20-->[androidx.test:runner:1.6.1] AndroidManifest.xml:25:18-59
21        <package android:name="androidx.test.services" />
21-->[androidx.test:runner:1.6.1] AndroidManifest.xml:26:9-58
21-->[androidx.test:runner:1.6.1] AndroidManifest.xml:26:18-55
22        <package android:name="com.google.android.apps.common.testing.services" />
22-->[androidx.test:runner:1.6.1] AndroidManifest.xml:27:9-83
22-->[androidx.test:runner:1.6.1] AndroidManifest.xml:27:18-80
23    </queries>
24
25    <application
25-->src/main/AndroidManifest.xml:5:5-41:19
26        android:allowBackup="true"
26-->src/main/AndroidManifest.xml:6:9-35
27        android:appComponentFactory="androidx.core.app.CoreComponentFactory"
27-->[androidx.core:core:1.13.1] AndroidManifest.xml:28:18-86
28        android:dataExtractionRules="@xml/data_extraction_rules"
28-->src/main/AndroidManifest.xml:7:9-65
29        android:debuggable="true"
30        android:extractNativeLibs="false"
31        android:fullBackupContent="@xml/backup_rules"
31-->src/main/AndroidManifest.xml:8:9-54
32        android:icon="@mipmap/ic_launcher"
32-->src/main/AndroidManifest.xml:9:9-43
33        android:label="@string/app_name"
33-->src/main/AndroidManifest.xml:10:9-41
34        android:roundIcon="@mipmap/ic_launcher_round"
34-->src/main/AndroidManifest.xml:11:9-54
35        android:supportsRtl="true"
35-->src/main/AndroidManifest.xml:12:9-35
36        android:testOnly="true"
37        android:theme="@style/Theme.Taller_1" >
37-->src/main/AndroidManifest.xml:13:9-46
38        <activity
38-->src/main/AndroidManifest.xml:16:9-24:20
39            android:name="com.example.taller_1.estructura.PantallaInicio"
39-->src/main/AndroidManifest.xml:17:13-54
40            android:exported="true"
40-->src/main/AndroidManifest.xml:18:13-36
41            android:theme="@style/Theme.Taller_1" >
41-->src/main/AndroidManifest.xml:19:13-50
42            <intent-filter>
42-->src/main/AndroidManifest.xml:20:13-23:29
43                <action android:name="android.intent.action.MAIN" />
43-->src/main/AndroidManifest.xml:21:17-69
43-->src/main/AndroidManifest.xml:21:25-66
44
45                <category android:name="android.intent.category.LAUNCHER" />
45-->src/main/AndroidManifest.xml:22:17-77
45-->src/main/AndroidManifest.xml:22:27-74
46            </intent-filter>
47        </activity>
48        <activity
48-->src/main/AndroidManifest.xml:26:9-29:53
49            android:name="com.example.taller_1.estructura.ActividadPrincipal"
49-->src/main/AndroidManifest.xml:27:13-58
50            android:exported="true"
50-->src/main/AndroidManifest.xml:28:13-36
51            android:theme="@style/Theme.Taller_1" />
51-->src/main/AndroidManifest.xml:29:13-50
52        <activity
52-->src/main/AndroidManifest.xml:31:9-34:53
53            android:name="com.example.taller_1.estructura.PantallaConfiguracion"
53-->src/main/AndroidManifest.xml:32:13-61
54            android:exported="true"
54-->src/main/AndroidManifest.xml:33:13-36
55            android:theme="@style/Theme.Taller_1" />
55-->src/main/AndroidManifest.xml:34:13-50
56        <activity
56-->src/main/AndroidManifest.xml:36:9-40:53
57            android:name="com.example.taller_1.MainActivity"
57-->src/main/AndroidManifest.xml:37:13-41
58            android:exported="true"
58-->src/main/AndroidManifest.xml:38:13-36
59            android:label="@string/app_name"
59-->src/main/AndroidManifest.xml:39:13-45
60            android:theme="@style/Theme.Taller_1" />
60-->src/main/AndroidManifest.xml:40:13-50
61        <activity
61-->[androidx.compose.ui:ui-tooling-android:1.6.6] AndroidManifest.xml:23:9-25:39
62            android:name="androidx.compose.ui.tooling.PreviewActivity"
62-->[androidx.compose.ui:ui-tooling-android:1.6.6] AndroidManifest.xml:24:13-71
63            android:exported="true" />
63-->[androidx.compose.ui:ui-tooling-android:1.6.6] AndroidManifest.xml:25:13-36
64        <activity
64-->[androidx.compose.ui:ui-test-manifest:1.6.6] AndroidManifest.xml:23:9-25:39
65            android:name="androidx.activity.ComponentActivity"
65-->[androidx.compose.ui:ui-test-manifest:1.6.6] AndroidManifest.xml:24:13-63
66            android:exported="true" />
66-->[androidx.compose.ui:ui-test-manifest:1.6.6] AndroidManifest.xml:25:13-36
67        <activity
67-->[androidx.test:core:1.6.1] AndroidManifest.xml:27:9-34:20
68            android:name="androidx.test.core.app.InstrumentationActivityInvoker$BootstrapActivity"
68-->[androidx.test:core:1.6.1] AndroidManifest.xml:28:13-99
69            android:exported="true"
69-->[androidx.test:core:1.6.1] AndroidManifest.xml:29:13-36
70            android:theme="@style/WhiteBackgroundTheme" >
70-->[androidx.test:core:1.6.1] AndroidManifest.xml:30:13-56
71            <intent-filter android:priority="-100" >
71-->[androidx.test:core:1.6.1] AndroidManifest.xml:31:13-33:29
71-->[androidx.test:core:1.6.1] AndroidManifest.xml:31:28-51
72                <category android:name="android.intent.category.LAUNCHER" />
72-->src/main/AndroidManifest.xml:22:17-77
72-->src/main/AndroidManifest.xml:22:27-74
73            </intent-filter>
74        </activity>
75        <activity
75-->[androidx.test:core:1.6.1] AndroidManifest.xml:35:9-42:20
76            android:name="androidx.test.core.app.InstrumentationActivityInvoker$EmptyActivity"
76-->[androidx.test:core:1.6.1] AndroidManifest.xml:36:13-95
77            android:exported="true"
77-->[androidx.test:core:1.6.1] AndroidManifest.xml:37:13-36
78            android:theme="@style/WhiteBackgroundTheme" >
78-->[androidx.test:core:1.6.1] AndroidManifest.xml:38:13-56
79            <intent-filter android:priority="-100" >
79-->[androidx.test:core:1.6.1] AndroidManifest.xml:31:13-33:29
79-->[androidx.test:core:1.6.1] AndroidManifest.xml:31:28-51
80                <category android:name="android.intent.category.LAUNCHER" />
80-->src/main/AndroidManifest.xml:22:17-77
80-->src/main/AndroidManifest.xml:22:27-74
81            </intent-filter>
82        </activity>
83        <activity
83-->[androidx.test:core:1.6.1] AndroidManifest.xml:43:9-50:20
84            android:name="androidx.test.core.app.InstrumentationActivityInvoker$EmptyFloatingActivity"
84-->[androidx.test:core:1.6.1] AndroidManifest.xml:44:13-103
85            android:exported="true"
85-->[androidx.test:core:1.6.1] AndroidManifest.xml:45:13-36
86            android:theme="@style/WhiteBackgroundDialogTheme" >
86-->[androidx.test:core:1.6.1] AndroidManifest.xml:46:13-62
87            <intent-filter android:priority="-100" >
87-->[androidx.test:core:1.6.1] AndroidManifest.xml:31:13-33:29
87-->[androidx.test:core:1.6.1] AndroidManifest.xml:31:28-51
88                <category android:name="android.intent.category.LAUNCHER" />
88-->src/main/AndroidManifest.xml:22:17-77
88-->src/main/AndroidManifest.xml:22:27-74
89            </intent-filter>
90        </activity>
91
92        <provider
92-->[androidx.emoji2:emoji2:1.3.0] AndroidManifest.xml:24:9-32:20
93            android:name="androidx.startup.InitializationProvider"
93-->[androidx.emoji2:emoji2:1.3.0] AndroidManifest.xml:25:13-67
94            android:authorities="com.example.taller_1.androidx-startup"
94-->[androidx.emoji2:emoji2:1.3.0] AndroidManifest.xml:26:13-68
95            android:exported="false" >
95-->[androidx.emoji2:emoji2:1.3.0] AndroidManifest.xml:27:13-37
96            <meta-data
96-->[androidx.emoji2:emoji2:1.3.0] AndroidManifest.xml:29:13-31:52
97                android:name="androidx.emoji2.text.EmojiCompatInitializer"
97-->[androidx.emoji2:emoji2:1.3.0] AndroidManifest.xml:30:17-75
98                android:value="androidx.startup" />
98-->[androidx.emoji2:emoji2:1.3.0] AndroidManifest.xml:31:17-49
99            <meta-data
99-->[androidx.lifecycle:lifecycle-process:2.8.5] AndroidManifest.xml:29:13-31:52
100                android:name="androidx.lifecycle.ProcessLifecycleInitializer"
100-->[androidx.lifecycle:lifecycle-process:2.8.5] AndroidManifest.xml:30:17-78
101                android:value="androidx.startup" />
101-->[androidx.lifecycle:lifecycle-process:2.8.5] AndroidManifest.xml:31:17-49
102            <meta-data
102-->[androidx.profileinstaller:profileinstaller:1.3.1] AndroidManifest.xml:29:13-31:52
103                android:name="androidx.profileinstaller.ProfileInstallerInitializer"
103-->[androidx.profileinstaller:profileinstaller:1.3.1] AndroidManifest.xml:30:17-85
104                android:value="androidx.startup" />
104-->[androidx.profileinstaller:profileinstaller:1.3.1] AndroidManifest.xml:31:17-49
105        </provider>
106
107        <receiver
107-->[androidx.profileinstaller:profileinstaller:1.3.1] AndroidManifest.xml:34:9-52:20
108            android:name="androidx.profileinstaller.ProfileInstallReceiver"
108-->[androidx.profileinstaller:profileinstaller:1.3.1] AndroidManifest.xml:35:13-76
109            android:directBootAware="false"
109-->[androidx.profileinstaller:profileinstaller:1.3.1] AndroidManifest.xml:36:13-44
110            android:enabled="true"
110-->[androidx.profileinstaller:profileinstaller:1.3.1] AndroidManifest.xml:37:13-35
111            android:exported="true"
111-->[androidx.profileinstaller:profileinstaller:1.3.1] AndroidManifest.xml:38:13-36
112            android:permission="android.permission.DUMP" >
112-->[androidx.profileinstaller:profileinstaller:1.3.1] AndroidManifest.xml:39:13-57
113            <intent-filter>
113-->[androidx.profileinstaller:profileinstaller:1.3.1] AndroidManifest.xml:40:13-42:29
114                <action android:name="androidx.profileinstaller.action.INSTALL_PROFILE" />
114-->[androidx.profileinstaller:profileinstaller:1.3.1] AndroidManifest.xml:41:17-91
114-->[androidx.profileinstaller:profileinstaller:1.3.1] AndroidManifest.xml:41:25-88
115            </intent-filter>
116            <intent-filter>
116-->[androidx.profileinstaller:profileinstaller:1.3.1] AndroidManifest.xml:43:13-45:29
117                <action android:name="androidx.profileinstaller.action.SKIP_FILE" />
117-->[androidx.profileinstaller:profileinstaller:1.3.1] AndroidManifest.xml:44:17-85
117-->[androidx.profileinstaller:profileinstaller:1.3.1] AndroidManifest.xml:44:25-82
118            </intent-filter>
119            <intent-filter>
119-->[androidx.profileinstaller:profileinstaller:1.3.1] AndroidManifest.xml:46:13-48:29
120                <action android:name="androidx.profileinstaller.action.SAVE_PROFILE" />
120-->[androidx.profileinstaller:profileinstaller:1.3.1] AndroidManifest.xml:47:17-88
120-->[androidx.profileinstaller:profileinstaller:1.3.1] AndroidManifest.xml:47:25-85
121            </intent-filter>
122            <intent-filter>
122-->[androidx.profileinstaller:profileinstaller:1.3.1] AndroidManifest.xml:49:13-51:29
123                <action android:name="androidx.profileinstaller.action.BENCHMARK_OPERATION" />
123-->[androidx.profileinstaller:profileinstaller:1.3.1] AndroidManifest.xml:50:17-95
123-->[androidx.profileinstaller:profileinstaller:1.3.1] AndroidManifest.xml:50:25-92
124            </intent-filter>
125        </receiver>
126    </application>
127
128</manifest>